=====================================================================
== G:\SteamLibrary\steamapps\common\DayZ\DayZDiag_x64.exe
== "G:\SteamLibrary\steamapps\common\DayZ\DayZDiag_x64.exe" -server -filePatching "-mod=P:\Mods\@CF;P:\Mods\@Dabs Framework;P:\Mods\@Community-Online-Tools;P:\Mods\@gebsfish;" "-profiles=C:\Users\loths\OneDrive\Documents\GitHub\Gebs-Fish\Servers\Cherno\Profiles" "-mission=C:\Users\loths\OneDrive\Documents\GitHub\Gebs-Fish\Missions\Vanilla\dayzOffline.chernarusplus" "-config=C:\Users\loths\OneDrive\Documents\GitHub\Gebs-Fish\Servers\Cherno\serverDZ.cfg" 
=====================================================================
Exe timestamp: 2024/10/31 18:47:56
Current time:  2024/11/18 21:53:13
Version 1.26.158964
=====================================================================

21:53:13.268 [Inputs] Loading inputs default "bin/constants.xml"
21:53:13.271 [Inputs] Loading inputs default "bin/specific.xml"
21:53:13.272 [Inputs] Loading inputs default "JM/COT/Scripts/Data/Inputs.xml"
21:53:13.272 [Inputs] Loading inputs cfg "C:\Users\loths\OneDrive\Documents\GitHub\Gebs-Fish\Servers\Cherno\Profiles\Users\Survivor\Server.core.xml"
21:53:13.277 [Inputs] Exporting inputs cfg "C:\Users\loths\OneDrive\Documents\GitHub\Gebs-Fish\Servers\Cherno\Profiles\Users\Survivor\Server.core.xml"
21:53:33.518 [CE][Hive] :: Initializing OFFLINE
21:53:33.518 [StorageDirs] :: Selected storage directory: C:\Users\loths\OneDrive\Documents\GitHub\Gebs-Fish\Missions\Vanilla\dayzOffline.chernarusplus\storage_1\
21:53:33.519 [CE][Hive] :: Loading core data ... 
21:53:33.519 [CE][CoreData] :: 7 root classes, 18 defaults, 0 updaters...
21:53:39.806 [CE] :: WARNING :: Preset map "optics" is EMPTY.
21:53:39.807 [CE][TypeSetup] :: 526 classes setuped...
21:53:40.37 [CE][RegisterBind] :: 0 classes binded...
21:53:40.37 [CE][RegisterConfig] :: 5626 config classes registered, 0 sub-counters...
21:53:40.37 [CE][Hive] :: Loading map data ... 
21:53:40.38 [CE][IgnoreList] "cfgignorelist.xml" :: loaded 19 types
21:53:40.70 [CE][LoadPrototype] :: loaded 426 prototypes
21:53:40.70   822 containers, 10876 points
21:53:40.70   71 dispatches, 250 proxies
21:53:40.70 !!! [CE][LoadPrototype] 5 groups have no points...
21:53:40.70 [CE][LoadPrototype] :: last group name: StaticObj_Misc_SupplyBox3_DE...
21:53:40.75 [CE][LoadPrototype] :: loaded 0 prototypes
21:53:40.75   55 containers, 232 points
21:53:40.75   0 dispatches, 0 proxies
21:53:40.75 [CE][LoadPrototype] :: last group name: Rail9...
21:53:40.587 [CE][LoadMap] "Group" :: loaded 11680 groups, groups failed: 0, largest group range: 34.2
21:53:40.591 [CE][LoadMap] "Dirt" :: loaded 0 groups, groups failed: 0, largest group range: 34.2
21:53:40.843 [CE][Links] found 1950 total links between groups, of 11680
21:53:40.843 [CE][LoadClusters] "Cluster" :: Loading files...
21:53:40.954 [CE][LoadClusters] :: file: "mapgroupcluster.xml", 9 types, 50000 instances
21:53:41.77 [CE][LoadClusters] :: file: "mapgroupcluster01", 9 types, 50000 instances
21:53:41.200 [CE][LoadClusters] :: file: "mapgroupcluster02", 9 types, 50000 instances
21:53:41.328 [CE][LoadClusters] :: file: "mapgroupcluster03", 9 types, 50000 instances
21:53:41.381 [CE][LoadClusters] :: file: "mapgroupcluster04", 9 types, 17373 instances
21:53:41.384 [CE][Storage] ver:21 stamp:3, valid:yes, name:"C:\Users\loths\OneDrive\Documents\GitHub\Gebs-Fish\Missions\Vanilla\dayzOffline.chernarusplus\storage_1\data\types.bin"
21:53:41.384 [CE][Storage] ver:21 stamp:4, valid:yes, name:"C:\Users\loths\OneDrive\Documents\GitHub\Gebs-Fish\Missions\Vanilla\dayzOffline.chernarusplus\storage_1\data\types.001"
21:53:41.384 [CE][Storage] ver:21 stamp:2, valid:yes, name:"C:\Users\loths\OneDrive\Documents\GitHub\Gebs-Fish\Missions\Vanilla\dayzOffline.chernarusplus\storage_1\data\types.002"
21:53:41.384 [CE][Storage] Restoring file "C:\Users\loths\OneDrive\Documents\GitHub\Gebs-Fish\Missions\Vanilla\dayzOffline.chernarusplus\storage_1\data\types.001".
21:53:41.413 !!! [CE][offlineDB] :: No Shutdown message present.
21:53:41.415 [CE][offlineDB] :: Loaded 47 dynamic events 227 total types.
21:53:41.427 !!! [CE][offlineDB] :: Type 'ChristmasTree' will be ignored. (Not spawnable. (Scope is not public?))
21:53:41.429 !!! [CE][offlineDB] :: Type 'WitchHood_Chainmail_Black' will be ignored. (Type does not exist. (Typo?))
21:53:41.429 !!! [CE][offlineDB] :: Type 'WitchHood_Chainmail_Brown' will be ignored. (Type does not exist. (Typo?))
21:53:41.429 !!! [CE][offlineDB] :: Type 'WitchHood_Chainmail_Red' will be ignored. (Type does not exist. (Typo?))
21:53:41.485 !!! [CE][DE][SPAWNS] :: [WARNING] :: Skipping entry for non-existing event 'VehicleTransitBus'.
21:53:41.485 [CE][DE][SPAWNS] :: Total positions: 966
21:53:41.485 [CE][DE][GROUPS] :: Total eventgroups defined: 83, Eventgroups in use: 83
21:53:41.486 [CE][Storage] ver:25 stamp:3, valid:yes, name:"C:\Users\loths\OneDrive\Documents\GitHub\Gebs-Fish\Missions\Vanilla\dayzOffline.chernarusplus\storage_1\data\events.bin"
21:53:41.487 [CE][Storage] ver:25 stamp:4, valid:yes, name:"C:\Users\loths\OneDrive\Documents\GitHub\Gebs-Fish\Missions\Vanilla\dayzOffline.chernarusplus\storage_1\data\events.001"
21:53:41.487 [CE][Storage] ver:25 stamp:2, valid:yes, name:"C:\Users\loths\OneDrive\Documents\GitHub\Gebs-Fish\Missions\Vanilla\dayzOffline.chernarusplus\storage_1\data\events.002"
21:53:41.487 [CE][Storage] Restoring file "C:\Users\loths\OneDrive\Documents\GitHub\Gebs-Fish\Missions\Vanilla\dayzOffline.chernarusplus\storage_1\data\events.001".
21:53:41.487 [CE][DynamicEvent] Load  Events:[47] Primary spawners: 47 Secondary spawners: 4
21:53:41.487 [CE][Storage] ver:25 stamp:3, valid:yes, name:"C:\Users\loths\OneDrive\Documents\GitHub\Gebs-Fish\Missions\Vanilla\dayzOffline.chernarusplus\storage_1\data\dynamic_000.bin"
21:53:41.488 [CE][Storage] ver:25 stamp:4, valid:yes, name:"C:\Users\loths\OneDrive\Documents\GitHub\Gebs-Fish\Missions\Vanilla\dayzOffline.chernarusplus\storage_1\data\dynamic_000.001"
21:53:41.488 [CE][Storage] ver:25 stamp:2, valid:yes, name:"C:\Users\loths\OneDrive\Documents\GitHub\Gebs-Fish\Missions\Vanilla\dayzOffline.chernarusplus\storage_1\data\dynamic_000.002"
21:53:41.488 [CE][Storage] Restoring file "C:\Users\loths\OneDrive\Documents\GitHub\Gebs-Fish\Missions\Vanilla\dayzOffline.chernarusplus\storage_1\data\dynamic_000.001" 902 items.
21:53:41.937   902 items loaded. (0 failed)
21:53:41.937 [CE][Storage] ver:25 stamp:3, valid:yes, name:"C:\Users\loths\OneDrive\Documents\GitHub\Gebs-Fish\Missions\Vanilla\dayzOffline.chernarusplus\storage_1\data\dynamic_001.bin"
21:53:41.938 [CE][Storage] ver:25 stamp:4, valid:yes, name:"C:\Users\loths\OneDrive\Documents\GitHub\Gebs-Fish\Missions\Vanilla\dayzOffline.chernarusplus\storage_1\data\dynamic_001.001"
21:53:41.938 [CE][Storage] ver:25 stamp:2, valid:yes, name:"C:\Users\loths\OneDrive\Documents\GitHub\Gebs-Fish\Missions\Vanilla\dayzOffline.chernarusplus\storage_1\data\dynamic_001.002"
21:53:41.938 [CE][Storage] Restoring file "C:\Users\loths\OneDrive\Documents\GitHub\Gebs-Fish\Missions\Vanilla\dayzOffline.chernarusplus\storage_1\data\dynamic_001.001" 1713 items.
21:53:42.426   1713 items loaded. (0 failed)
21:53:42.427 [CE][Storage] ver:25 stamp:3, valid:yes, name:"C:\Users\loths\OneDrive\Documents\GitHub\Gebs-Fish\Missions\Vanilla\dayzOffline.chernarusplus\storage_1\data\dynamic_002.bin"
21:53:42.427 [CE][Storage] ver:25 stamp:4, valid:yes, name:"C:\Users\loths\OneDrive\Documents\GitHub\Gebs-Fish\Missions\Vanilla\dayzOffline.chernarusplus\storage_1\data\dynamic_002.001"
21:53:42.427 [CE][Storage] ver:25 stamp:2, valid:yes, name:"C:\Users\loths\OneDrive\Documents\GitHub\Gebs-Fish\Missions\Vanilla\dayzOffline.chernarusplus\storage_1\data\dynamic_002.002"
21:53:42.427 [CE][Storage] Restoring file "C:\Users\loths\OneDrive\Documents\GitHub\Gebs-Fish\Missions\Vanilla\dayzOffline.chernarusplus\storage_1\data\dynamic_002.001" 2560 items.
21:53:43.53   2560 items loaded. (0 failed)
21:53:43.53 [CE][Storage] ver:25 stamp:3, valid:yes, name:"C:\Users\loths\OneDrive\Documents\GitHub\Gebs-Fish\Missions\Vanilla\dayzOffline.chernarusplus\storage_1\data\dynamic_003.bin"
21:53:43.54 [CE][Storage] ver:25 stamp:4, valid:yes, name:"C:\Users\loths\OneDrive\Documents\GitHub\Gebs-Fish\Missions\Vanilla\dayzOffline.chernarusplus\storage_1\data\dynamic_003.001"
21:53:43.55 [CE][Storage] ver:25 stamp:2, valid:yes, name:"C:\Users\loths\OneDrive\Documents\GitHub\Gebs-Fish\Missions\Vanilla\dayzOffline.chernarusplus\storage_1\data\dynamic_003.002"
21:53:43.55 [CE][Storage] Restoring file "C:\Users\loths\OneDrive\Documents\GitHub\Gebs-Fish\Missions\Vanilla\dayzOffline.chernarusplus\storage_1\data\dynamic_003.001" 2244 items.
21:53:43.564   2244 items loaded. (0 failed)
21:53:43.564 [CE][Storage] ver:25 stamp:3, valid:yes, name:"C:\Users\loths\OneDrive\Documents\GitHub\Gebs-Fish\Missions\Vanilla\dayzOffline.chernarusplus\storage_1\data\dynamic_004.bin"
21:53:43.564 [CE][Storage] ver:25 stamp:4, valid:yes, name:"C:\Users\loths\OneDrive\Documents\GitHub\Gebs-Fish\Missions\Vanilla\dayzOffline.chernarusplus\storage_1\data\dynamic_004.001"
21:53:43.565 [CE][Storage] ver:25 stamp:2, valid:yes, name:"C:\Users\loths\OneDrive\Documents\GitHub\Gebs-Fish\Missions\Vanilla\dayzOffline.chernarusplus\storage_1\data\dynamic_004.002"
21:53:43.565 [CE][Storage] Restoring file "C:\Users\loths\OneDrive\Documents\GitHub\Gebs-Fish\Missions\Vanilla\dayzOffline.chernarusplus\storage_1\data\dynamic_004.001" 1824 items.
21:53:43.978   1824 items loaded. (0 failed)
21:53:43.979 [CE][Storage] ver:25 stamp:3, valid:yes, name:"C:\Users\loths\OneDrive\Documents\GitHub\Gebs-Fish\Missions\Vanilla\dayzOffline.chernarusplus\storage_1\data\dynamic_005.bin"
21:53:43.979 [CE][Storage] ver:25 stamp:4, valid:yes, name:"C:\Users\loths\OneDrive\Documents\GitHub\Gebs-Fish\Missions\Vanilla\dayzOffline.chernarusplus\storage_1\data\dynamic_005.001"
21:53:43.980 [CE][Storage] ver:25 stamp:2, valid:yes, name:"C:\Users\loths\OneDrive\Documents\GitHub\Gebs-Fish\Missions\Vanilla\dayzOffline.chernarusplus\storage_1\data\dynamic_005.002"
21:53:43.980 [CE][Storage] Restoring file "C:\Users\loths\OneDrive\Documents\GitHub\Gebs-Fish\Missions\Vanilla\dayzOffline.chernarusplus\storage_1\data\dynamic_005.001" 2167 items.
21:53:44.523   2167 items loaded. (0 failed)
21:53:44.524 [CE][Storage] ver:25 stamp:3, valid:yes, name:"C:\Users\loths\OneDrive\Documents\GitHub\Gebs-Fish\Missions\Vanilla\dayzOffline.chernarusplus\storage_1\data\dynamic_006.bin"
21:53:44.525 [CE][Storage] ver:25 stamp:4, valid:yes, name:"C:\Users\loths\OneDrive\Documents\GitHub\Gebs-Fish\Missions\Vanilla\dayzOffline.chernarusplus\storage_1\data\dynamic_006.001"
21:53:44.525 [CE][Storage] ver:25 stamp:2, valid:yes, name:"C:\Users\loths\OneDrive\Documents\GitHub\Gebs-Fish\Missions\Vanilla\dayzOffline.chernarusplus\storage_1\data\dynamic_006.002"
21:53:44.525 [CE][Storage] Restoring file "C:\Users\loths\OneDrive\Documents\GitHub\Gebs-Fish\Missions\Vanilla\dayzOffline.chernarusplus\storage_1\data\dynamic_006.001" 1531 items.
21:53:44.856   1531 items loaded. (0 failed)
21:53:44.857 [CE][Storage] ver:25 stamp:3, valid:yes, name:"C:\Users\loths\OneDrive\Documents\GitHub\Gebs-Fish\Missions\Vanilla\dayzOffline.chernarusplus\storage_1\data\dynamic_007.bin"
21:53:44.857 [CE][Storage] ver:25 stamp:4, valid:yes, name:"C:\Users\loths\OneDrive\Documents\GitHub\Gebs-Fish\Missions\Vanilla\dayzOffline.chernarusplus\storage_1\data\dynamic_007.001"
21:53:44.857 [CE][Storage] ver:25 stamp:2, valid:yes, name:"C:\Users\loths\OneDrive\Documents\GitHub\Gebs-Fish\Missions\Vanilla\dayzOffline.chernarusplus\storage_1\data\dynamic_007.002"
21:53:44.857 [CE][Storage] Restoring file "C:\Users\loths\OneDrive\Documents\GitHub\Gebs-Fish\Missions\Vanilla\dayzOffline.chernarusplus\storage_1\data\dynamic_007.001" 1485 items.
21:53:45.160   1485 items loaded. (0 failed)
21:53:45.160 [CE][Storage] ver:25 stamp:3, valid:yes, name:"C:\Users\loths\OneDrive\Documents\GitHub\Gebs-Fish\Missions\Vanilla\dayzOffline.chernarusplus\storage_1\data\dynamic_008.bin"
21:53:45.161 [CE][Storage] ver:25 stamp:4, valid:yes, name:"C:\Users\loths\OneDrive\Documents\GitHub\Gebs-Fish\Missions\Vanilla\dayzOffline.chernarusplus\storage_1\data\dynamic_008.001"
21:53:45.161 [CE][Storage] ver:25 stamp:2, valid:yes, name:"C:\Users\loths\OneDrive\Documents\GitHub\Gebs-Fish\Missions\Vanilla\dayzOffline.chernarusplus\storage_1\data\dynamic_008.002"
21:53:45.161 [CE][Storage] Restoring file "C:\Users\loths\OneDrive\Documents\GitHub\Gebs-Fish\Missions\Vanilla\dayzOffline.chernarusplus\storage_1\data\dynamic_008.001" 2149 items.
21:53:45.645   2149 items loaded. (0 failed)
21:53:45.645 [CE][Storage] ver:25 stamp:3, valid:yes, name:"C:\Users\loths\OneDrive\Documents\GitHub\Gebs-Fish\Missions\Vanilla\dayzOffline.chernarusplus\storage_1\data\dynamic_009.bin"
21:53:45.645 [CE][Storage] ver:25 stamp:4, valid:yes, name:"C:\Users\loths\OneDrive\Documents\GitHub\Gebs-Fish\Missions\Vanilla\dayzOffline.chernarusplus\storage_1\data\dynamic_009.001"
21:53:45.646 [CE][Storage] ver:25 stamp:2, valid:yes, name:"C:\Users\loths\OneDrive\Documents\GitHub\Gebs-Fish\Missions\Vanilla\dayzOffline.chernarusplus\storage_1\data\dynamic_009.002"
21:53:45.646 [CE][Storage] Restoring file "C:\Users\loths\OneDrive\Documents\GitHub\Gebs-Fish\Missions\Vanilla\dayzOffline.chernarusplus\storage_1\data\dynamic_009.001" 2707 items.
21:53:46.217   2707 items loaded. (0 failed)
21:53:46.217 [CE][Storage] ver:25 stamp:3, valid:yes, name:"C:\Users\loths\OneDrive\Documents\GitHub\Gebs-Fish\Missions\Vanilla\dayzOffline.chernarusplus\storage_1\data\dynamic_010.bin"
21:53:46.218 [CE][Storage] ver:25 stamp:4, valid:yes, name:"C:\Users\loths\OneDrive\Documents\GitHub\Gebs-Fish\Missions\Vanilla\dayzOffline.chernarusplus\storage_1\data\dynamic_010.001"
21:53:46.218 [CE][Storage] ver:25 stamp:2, valid:yes, name:"C:\Users\loths\OneDrive\Documents\GitHub\Gebs-Fish\Missions\Vanilla\dayzOffline.chernarusplus\storage_1\data\dynamic_010.002"
21:53:46.218 [CE][Storage] Restoring file "C:\Users\loths\OneDrive\Documents\GitHub\Gebs-Fish\Missions\Vanilla\dayzOffline.chernarusplus\storage_1\data\dynamic_010.001" 1782 items.
21:53:46.641   1782 items loaded. (0 failed)
21:53:46.641 [CE][Storage] ver:25 stamp:3, valid:yes, name:"C:\Users\loths\OneDrive\Documents\GitHub\Gebs-Fish\Missions\Vanilla\dayzOffline.chernarusplus\storage_1\data\dynamic_011.bin"
21:53:46.642 [CE][Storage] ver:25 stamp:4, valid:yes, name:"C:\Users\loths\OneDrive\Documents\GitHub\Gebs-Fish\Missions\Vanilla\dayzOffline.chernarusplus\storage_1\data\dynamic_011.001"
21:53:46.642 [CE][Storage] ver:25 stamp:2, valid:yes, name:"C:\Users\loths\OneDrive\Documents\GitHub\Gebs-Fish\Missions\Vanilla\dayzOffline.chernarusplus\storage_1\data\dynamic_011.002"
21:53:46.642 [CE][Storage] Restoring file "C:\Users\loths\OneDrive\Documents\GitHub\Gebs-Fish\Missions\Vanilla\dayzOffline.chernarusplus\storage_1\data\dynamic_011.001" 172 items.
21:53:46.677   172 items loaded. (0 failed)
21:53:46.677 [CE][Storage] ver:26 stamp:3, valid:yes, name:"C:\Users\loths\OneDrive\Documents\GitHub\Gebs-Fish\Missions\Vanilla\dayzOffline.chernarusplus\storage_1\data\building.bin"
21:53:46.677 [CE][Storage] ver:26 stamp:4, valid:yes, name:"C:\Users\loths\OneDrive\Documents\GitHub\Gebs-Fish\Missions\Vanilla\dayzOffline.chernarusplus\storage_1\data\building.001"
21:53:46.677 [CE][Storage] ver:26 stamp:2, valid:yes, name:"C:\Users\loths\OneDrive\Documents\GitHub\Gebs-Fish\Missions\Vanilla\dayzOffline.chernarusplus\storage_1\data\building.002"
21:53:46.677 [CE][Storage] Restoring file "C:\Users\loths\OneDrive\Documents\GitHub\Gebs-Fish\Missions\Vanilla\dayzOffline.chernarusplus\storage_1\data\building.001" 0 items.
21:53:46.677   0 items loaded. (0 failed)
21:53:46.677 [CE][Storage] ver:25 stamp:3, valid:yes, name:"C:\Users\loths\OneDrive\Documents\GitHub\Gebs-Fish\Missions\Vanilla\dayzOffline.chernarusplus\storage_1\data\vehicles.bin"
21:53:46.678 [CE][Storage] ver:25 stamp:4, valid:yes, name:"C:\Users\loths\OneDrive\Documents\GitHub\Gebs-Fish\Missions\Vanilla\dayzOffline.chernarusplus\storage_1\data\vehicles.001"
21:53:46.678 [CE][Storage] ver:25 stamp:2, valid:yes, name:"C:\Users\loths\OneDrive\Documents\GitHub\Gebs-Fish\Missions\Vanilla\dayzOffline.chernarusplus\storage_1\data\vehicles.002"
21:53:46.678 [CE][Storage] Restoring file "C:\Users\loths\OneDrive\Documents\GitHub\Gebs-Fish\Missions\Vanilla\dayzOffline.chernarusplus\storage_1\data\vehicles.001" 255 items.
21:53:46.979   255 items loaded. (0 failed)
21:53:47.05 [CE][Hive] :: Storage load took:5.52 seconds, recovery stamp:4
21:53:47.05   entity: 22945, building: 0
21:53:47.05   no lifetime: 84
21:53:47.05   pathgraph's: 563
21:53:47.05 [CE][Hive] :: Initializing ... 
21:53:47.61 [CE][InitializeMap] :: initialized: 0
21:53:47.61 [CE][Hive] :: Initializing spawners ... 
21:53:47.715 [CE][LootRespawner] (PRIDummy) :: Initially (re)spawned:0, Nominal:20979, Total in Map: 21384 at 0 (sec)
21:53:47.715   tests:0, repeats:0 fails:0, overtime:0
21:53:47.717 [CE][DynEvent] :: 47 types
21:53:47.717 [00] AmbientHen
21:53:47.717   Primary Spawner: "Ambient", active: yes, repeat: 1
21:53:47.717 [01] AnimalBear
21:53:47.717   Primary Spawner: "Animal", active: yes, repeat: 1
21:53:47.717 [02] AnimalCow
21:53:47.717   Primary Spawner: "Animal", active: yes, repeat: 1
21:53:47.717 [03] AnimalDeer
21:53:47.717   Primary Spawner: "Animal", active: yes, repeat: 1
21:53:47.717 [04] AnimalGoat
21:53:47.717   Primary Spawner: "Animal", active: yes, repeat: 1
21:53:47.717 [05] AnimalPig
21:53:47.717   Primary Spawner: "Animal", active: yes, repeat: 1
21:53:47.717 [06] AnimalRoeDeer
21:53:47.717   Primary Spawner: "Animal", active: yes, repeat: 1
21:53:47.717 [07] AnimalSheep
21:53:47.717   Primary Spawner: "Animal", active: yes, repeat: 1
21:53:47.717 [08] AnimalWildBoar
21:53:47.717   Primary Spawner: "Animal", active: yes, repeat: 1
21:53:47.717 [09] AnimalWolf
21:53:47.717   Primary Spawner: "Animal", active: yes, repeat: 1
21:53:47.717 [10] InfectedArmy
21:53:47.717   Primary Spawner: "Infected", active: yes, repeat: 1
21:53:47.717 [11] InfectedArmyHard
21:53:47.717   Primary Spawner: "Infected", active: yes, repeat: 1
21:53:47.717 [12] InfectedCity
21:53:47.717   Primary Spawner: "Infected", active: yes, repeat: 1
21:53:47.717 [13] InfectedCityTier1
21:53:47.717   Primary Spawner: "Infected", active: yes, repeat: 1
21:53:47.717 [14] InfectedFirefighter
21:53:47.717   Primary Spawner: "Infected", active: yes, repeat: 1
21:53:47.717 [15] InfectedIndustrial
21:53:47.717   Primary Spawner: "Infected", active: yes, repeat: 1
21:53:47.717 [16] InfectedMedic
21:53:47.717   Primary Spawner: "Infected", active: yes, repeat: 1
21:53:47.717 [17] InfectedNBC
21:53:47.717   Primary Spawner: "Infected", active: yes, repeat: 1
21:53:47.717 [18] InfectedPolice
21:53:47.717   Primary Spawner: "Infected", active: yes, repeat: 1
21:53:47.718 [19] InfectedPoliceHard
21:53:47.718   Primary Spawner: "Infected", active: yes, repeat: 1
21:53:47.718 [20] InfectedPrisoner
21:53:47.718   Primary Spawner: "Infected", active: yes, repeat: 1
21:53:47.718 [21] InfectedReligious
21:53:47.718   Primary Spawner: "Infected", active: yes, repeat: 1
21:53:47.718 [22] InfectedSanta
21:53:47.718   Primary Spawner: "Infected", active: yes, repeat: 1
21:53:47.718 [23] InfectedSolitude
21:53:47.718   Primary Spawner: "Infected", active: yes, repeat: 1
21:53:47.718 [24] InfectedVillage
21:53:47.718   Primary Spawner: "Infected", active: yes, repeat: 1
21:53:47.718 [25] InfectedVillageTier1
21:53:47.718   Primary Spawner: "Infected", active: yes, repeat: 1
21:53:47.718 [26] ItemPlanks
21:53:47.718   Primary Spawner: "Item", active: yes, repeat: 1
21:53:47.718 [27] Loot
21:53:47.718   Primary Spawner: "Loot", active: yes, repeat: 2
21:53:47.718 [28] StaticAirplaneCrate
21:53:47.718   Primary Spawner: "Static", active: yes, repeat: 1
21:53:47.718 [29] StaticContaminatedArea
21:53:47.718   Primary Spawner: "Static", active: yes, repeat: 1
21:53:47.718 [30] StaticHeliCrash
21:53:47.718   Primary Spawner: "Static", active: yes, repeat: 1
21:53:47.718   Secondary Spawner: "Infected", active: yes, repeat: 1
21:53:47.718 [31] StaticMilitaryConvoy
21:53:47.718   Primary Spawner: "Static", active: yes, repeat: 1
21:53:47.718   Secondary Spawner: "Infected", active: yes, repeat: 1
21:53:47.718 [32] StaticPoliceSituation
21:53:47.718   Primary Spawner: "Static", active: yes, repeat: 1
21:53:47.718   Secondary Spawner: "Infected", active: yes, repeat: 1
21:53:47.718 [33] StaticTrain
21:53:47.718   Primary Spawner: "Static", active: yes, repeat: 1
