[COT 2024-11-19 3h:55:51] 76561198027793529: Activated Community Online Tools [guid=XADC7hUFzQpx1TDxqJtXyPABkXRJFbzZqq3KEEoE97M=]
[COT 2024-11-19 3h:56:3s] 76561198027793529: Spawned Entity Mountain Backpack (MountainBag_Orange<b89c2850>, 100, 160, 15, 0) at <6004.027344, 6.232325, 2099.253418>
[COT 2024-11-19 3h:56:10] 76561198027793529: Spawned Entity Mountain Backpack (MountainBag_Orange<b89c5aa0>, 100, 160, 15, 0) at <6013.042969, 4.583012, 2031.698120>
[COT 2024-11-19 3h:56:11] 76561198027793529: Spawned Entity Mountain Backpack (MountainBag_Orange<b89c3260>, 100, 160, 15, 0) at <6013.042969, 4.583012, 2031.698120>
[COT 2024-11-19 3h:56:18] 76561198027793529: Spawned Entity Tactical Vest (HighCapacityVest_Black<c6626660>, 100, 120, 15, 0) at <6013.042969, 4.583012, 2031.698120>
[COT 2024-11-19 3h:56:18] 76561198027793529: Spawned Entity Tactical Vest (HighCapacityVest_Black<c661f7b0>, 100, 120, 15, 0) at <6013.042969, 4.583012, 2031.698120>
[COT 2024-11-19 3h:56:19] 76561198027793529: Spawned Entity Tactical Vest (HighCapacityVest_Black<c6623e20>, 100, 120, 15, 0) at <6013.042969, 4.583012, 2031.698120>
[COT 2024-11-19 3h:56:19] 76561198027793529: Spawned Entity Tactical Vest (HighCapacityVest_Black<c6621ff0>, 100, 120, 15, 0) at <6013.042969, 4.583012, 2031.698120>
[COT 2024-11-19 3h:56:32] 76561198027793529: Spawned Entity Fish Net Trap (FishNetTrap<c2730380>, 100, 50, 15, 0) at <6013.042969, 4.583012, 2031.698120>
[COT 2024-11-19 3h:56:32] 76561198027793529: Spawned Entity Small Fish Trap (SmallFishTrap<c27319a0>, 100, 50, 15, 0) at <6013.042969, 4.583012, 2031.698120>
[COT 2024-11-19 3h:56:40] 76561198027793529: Spawned Entity Fishing Rod (FishingRod<c662d510>, 500, 150, 15, 0) at <6013.042969, 4.583012, 2031.698120>
[COT 2024-11-19 3h:56:45] 76561198027793529: Spawned Entity Jig (Jig<c6638a30>, 500, 18, 15, 0) at <6013.042969, 4.583012, 2031.698120>
[COT 2024-11-19 3h:56:45] 76561198027793529: Spawned Entity Jig (Jig<c66298b0>, 500, 18, 15, 0) at <6013.042969, 4.583012, 2031.698120>
[COT 2024-11-19 3h:56:46] 76561198027793529: Spawned Entity Jig (Jig<c6631b80>, 500, 18, 15, 0) at <6013.042969, 4.583012, 2031.698120>
[COT 2024-11-19 3h:56:46] 76561198027793529: Spawned Entity Jig (Jig<c6631170>, 500, 18, 15, 0) at <6013.042969, 4.583012, 2031.698120>
[COT 2024-11-19 3h:57:23] 76561198027793529: Teleported 76561198027793529 to position <6015.109375, 1.742198, 1854.816284>
[COT 2024-11-19 3h:57:27] 76561198027793529: Deactivated Community Online Tools [guid=XADC7hUFzQpx1TDxqJtXyPABkXRJFbzZqq3KEEoE97M=]
[COT 2024-11-19 4h:0m:24] 76561198027793529: Activated Community Online Tools [guid=XADC7hUFzQpx1TDxqJtXyPABkXRJFbzZqq3KEEoE97M=]
[COT 2024-11-19 4h:0m:38] 76561198027793529: Spawned Entity Earthworm (Worm<e7a85ab0>, 5, 10, 15, 0) at <6008.636719, 1.369355, 1860.475708>
[COT 2024-11-19 4h:0m:39] 76561198027793529: Spawned Entity Earthworm (Worm<e7a86540>, 5, 10, 15, 0) at <6008.636719, 1.369355, 1860.475708>
[COT 2024-11-19 4h:0m:39] 76561198027793529: Spawned Entity Earthworm (Worm<e7a84590>, 5, 10, 15, 0) at <6008.636719, 1.369355, 1860.475708>
[COT 2024-11-19 4h:0m:39] 76561198027793529: Spawned Entity Earthworm (Worm<e7a87a60>, 5, 10, 15, 0) at <6008.636719, 1.369355, 1860.475708>
[COT 2024-11-19 4h:0m:39] 76561198027793529: Spawned Entity Earthworm (Worm<e7a8a4a0>, 5, 10, 15, 0) at <6008.636719, 1.369355, 1860.475708>
[COT 2024-11-19 4h:0m:48] 76561198027793529: Set GodMode To true [guid=XADC7hUFzQpx1TDxqJtXyPABkXRJFbzZqq3KEEoE97M=]
[COT 2024-11-19 4h:0m:49] 76561198027793529: Set cannot be targeted by AI to true [guid=XADC7hUFzQpx1TDxqJtXyPABkXRJFbzZqq3KEEoE97M=]
[COT 2024-11-19 4h:0m:50] 76561198027793529: Set UnlimitedStamina To true [guid=XADC7hUFzQpx1TDxqJtXyPABkXRJFbzZqq3KEEoE97M=]
[COT 2024-11-19 4h:0m:51] 76561198027793529: Set UnlimitedAmmo To true [guid=XADC7hUFzQpx1TDxqJtXyPABkXRJFbzZqq3KEEoE97M=]
[COT 2024-11-19 4h:0m:54] 76561198027793529: Set AdminNVG To true [guid=XADC7hUFzQpx1TDxqJtXyPABkXRJFbzZqq3KEEoE97M=]
[COT 2024-11-19 4h:0m:55] 76561198027793529: Set AdminNVG To false [guid=XADC7hUFzQpx1TDxqJtXyPABkXRJFbzZqq3KEEoE97M=]
[COT 2024-11-19 4h:10:28] 76561198027793529: Deactivated Community Online Tools [guid=XADC7hUFzQpx1TDxqJtXyPABkXRJFbzZqq3KEEoE97M=]
